<?xml version="1.0" encoding="UTF-8"?>
<!-- Generated by org.testng.reporters.JUnitXMLReporter -->
<testsuite hostname="DESKTOP-H8NRONJ" ignored="0" name="Test" tests="4" failures="1" timestamp="12 Dec 2020 16:06:47 GMT" time="7.345" errors="0">
  <testcase name="test_login_1" time="1.26" classname="com.busyqa.testScripts.TS_LoginPage_001"/>
  <testcase name="test_login_1" time="1.425" classname="com.busyqa.testScripts.TS_LoginPage_001"/>
  <testcase name="test_login_1" time="1.5" classname="com.busyqa.testScripts.TS_LoginPage_001"/>
  <testcase name="test_login_2" time="1.65" classname="com.busyqa.testScripts.TS_LoginPage_001">
    <failure type="java.lang.AssertionError" message="expected [My account - My Store] but found [Login - My Store]">
      <![CDATA[java.lang.AssertionError: expected [My account - My Store] but found [Login - My Store]
at com.busyqa.testScripts.TS_LoginPage_001.test_login_2(TS_LoginPage_001.java:34)
... Removed 31 stack frames]]>
    </failure>
  </testcase> <!-- test_login_2 -->
</testsuite> <!-- Test -->
